[19:32:43] [main/INFO]: Loading Minecraft 1.21.4 with Fabric Loader 0.16.10
[19:32:44] [main/WARN]: Warnings were found!
 - Mod 'Forge Config API Port' (forgeconfigapiport) 21.4.1 recommends any version of modmenu, which is missing!
	 - You should install any version of modmenu for the optimal experience.
[19:32:44] [main/INFO]: Loading 88 mods:
	- cloth-config 17.0.144
	   \-- cloth-basic-math 0.6.1
	- clumps 22.0.0.1
	- collective 7.94
	- fabric-api 0.118.0+1.21.4
	   |-- fabric-api-base 0.4.54+b47eab6b04
	   |-- fabric-api-lookup-api-v1 1.6.86+b1caf1e904
	   |-- fabric-biome-api-v1 15.0.6+b1c29d8e04
	   |-- fabric-block-api-v1 1.0.31+7feeb73304
	   |-- fabric-block-view-api-v2 1.0.19+7feeb73304
	   |-- fabric-blockrenderlayer-v1 2.0.8+7feeb73304
	   |-- fabric-client-tags-api-v1 1.1.29+20ea1e2304
	   |-- fabric-command-api-v1 1.2.62+f71b366f04
	   |-- fabric-command-api-v2 2.2.41+e496eb1504
	   |-- fabric-commands-v0 0.2.79+df3654b304
	   |-- fabric-content-registries-v0 9.1.19+25d1a67604
	   |-- fabric-convention-tags-v1 2.1.17+7f945d5b04
	   |-- fabric-convention-tags-v2 2.13.0+360374ac04
	   |-- fabric-crash-report-info-v1 0.3.6+7feeb73304
	   |-- fabric-data-attachment-api-v1 1.6.0+4e7c604904
	   |-- fabric-data-generation-api-v1 22.2.12+60b6f1b704
	   |-- fabric-dimensions-v1 4.0.10+7feeb73304
	   |-- fabric-entity-events-v1 2.0.14+da99546b04
	   |-- fabric-events-interaction-v0 4.0.3+a4eebcf004
	   |-- fabric-game-rule-api-v1 1.0.63+7d48d43904
	   |-- fabric-item-api-v1 11.3.0+ee91fa1f04
	   |-- fabric-item-group-api-v1 4.2.2+fcb9601404
	   |-- fabric-key-binding-api-v1 1.0.57+7d48d43904
	   |-- fabric-keybindings-v0 0.2.55+df3654b304
	   |-- fabric-lifecycle-events-v1 2.5.4+bf2a60eb04
	   |-- fabric-loot-api-v2 3.0.38+3f89f5a504
	   |-- fabric-loot-api-v3 1.0.26+203e6b2304
	   |-- fabric-message-api-v1 6.0.25+7feeb73304
	   |-- fabric-model-loading-api-v1 4.3.0+ae23723504
	   |-- fabric-networking-api-v1 4.3.10+8998135104
	   |-- fabric-object-builder-api-v1 18.0.13+7d48d43904
	   |-- fabric-particles-v1 4.0.14+7feeb73304
	   |-- fabric-recipe-api-v1 8.1.0+640e77ae04
	   |-- fabric-registry-sync-v0 6.1.9+360374ac04
	   |-- fabric-renderer-api-v1 5.0.3+50f0feb204
	   |-- fabric-renderer-indigo 2.0.3+50f0feb204
	   |-- fabric-rendering-data-attachment-v1 0.3.57+73761d2e04
	   |-- fabric-rendering-fluids-v1 3.1.19+7feeb73304
	   |-- fabric-rendering-v1 10.2.1+0d31b09f04
	   |-- fabric-resource-conditions-api-v1 5.0.13+203e6b2304
	   |-- fabric-resource-loader-v0 3.1.1+360374ac04
	   |-- fabric-screen-api-v1 2.0.38+7feeb73304
	   |-- fabric-screen-handler-api-v1 1.3.116+7feeb73304
	   |-- fabric-sound-api-v1 1.0.32+7feeb73304
	   |-- fabric-tag-api-v1 1.0.7+7d48d43904
	   |-- fabric-transfer-api-v1 5.4.9+efa825c904
	   \-- fabric-transitive-access-wideners-v1 6.3.2+56e78b9b04
	- fabric-language-kotlin 1.13.1+kotlin.2.1.10
	   |-- org_jetbrains_kotlin_kotlin-reflect 2.1.10
	   |-- org_jetbrains_kotlin_kotlin-stdlib 2.1.10
	   |-- org_jetbrains_kotlin_kotlin-stdlib-jdk7 2.1.10
	   |-- org_jetbrains_kotlin_kotlin-stdlib-jdk8 2.1.10
	   |-- org_jetbrains_kotlinx_atomicfu-jvm 0.27.0
	   |-- org_jetbrains_kotlinx_kotlinx-coroutines-core-jvm 1.10.1
	   |-- org_jetbrains_kotlinx_kotlinx-coroutines-jdk8 1.10.1
	   |-- org_jetbrains_kotlinx_kotlinx-datetime-jvm 0.6.1
	   |-- org_jetbrains_kotlinx_kotlinx-io-bytestring-jvm 0.6.0
	   |-- org_jetbrains_kotlinx_kotlinx-io-core-jvm 0.6.0
	   |-- org_jetbrains_kotlinx_kotlinx-serialization-cbor-jvm 1.8.0
	   |-- org_jetbrains_kotlinx_kotlinx-serialization-core-jvm 1.8.0
	   \-- org_jetbrains_kotlinx_kotlinx-serialization-json-jvm 1.8.0
	- fabricloader 0.16.10
	   \-- mixinextras 0.4.1
	- fallingtree 1.21.4.7
	- forgeconfigapiport 21.4.1
	   |-- com_electronwill_night-config_core 3.8.1
	   \-- com_electronwill_night-config_toml 3.8.1
	- jade 17.2.2+fabric
	- java 21
	- lithium 0.14.8+mc1.21.4
	- minecraft 1.21.4
	- modernfix 5.20.3+mc1.21.4
	- polymer-bundled 0.11.8+1.21.4
	   |-- polymer-autohost 0.11.8+1.21.4
	   |    \-- io_netty_netty-codec-http 4.1.82
	   |-- polymer-blocks 0.11.8+1.21.4
	   |-- polymer-common 0.11.8+1.21.4
	   |    \-- packet_tweaker 0.6.0-pre.1+1.21.2-pre3
	   |-- polymer-core 0.11.8+1.21.4
	   |    |-- polymer-networking 0.11.8+1.21.4
	   |    |    \-- polymer-common 0.11.8+1.21.4
	   |    |         \-- packet_tweaker 0.6.0-pre.1+1.21.2-pre3
	   |    \-- polymer-registry-sync-manipulator 0.11.8+1.21.4
	   |-- polymer-resource-pack 0.11.8+1.21.4
	   |    \-- polymer-common 0.11.8+1.21.4
	   |         \-- packet_tweaker 0.6.0-pre.1+1.21.2-pre3
	   |-- polymer-resource-pack-extras 0.11.8+1.21.4
	   \-- polymer-virtual-entity 0.11.8+1.21.4
	        \-- polymer-common 0.11.8+1.21.4
	             \-- packet_tweaker 0.6.0-pre.1+1.21.2-pre3
	- puzzleslib 21.4.10
	- universal-graves 3.6.0+1.21.4
	   |-- common-protection-api 1.0.0
	   |-- fabric-permissions-api-v0 0.3.3
	   |-- placeholder-api 2.5.1+1.21.3
	   |-- predicate-api 0.6.0+1.21.2
	   |-- server_translations_api 2.4.0+1.21.2-rc1
	   |    \-- packet_tweaker 0.6.0-pre.1+1.21.2-pre3
	   \-- sgui 1.8.0+1.21.4
	- visualworkbench 21.4.1
[19:32:44] [main/INFO]: SpongePowered MIXIN Subsystem Version=0.8.7 Source=file:/workspaces/Server/servidor_minecraft/libraries/net/fabricmc/sponge-mixin/0.15.4+mixin.0.8.7/sponge-mixin-0.15.4+mixin.0.8.7.jar Service=Knot/Fabric Env=SERVER
[19:32:44] [main/INFO]: Compatibility level set to JAVA_18
[19:32:44] [main/INFO]: Compatibility level set to JAVA_21
[19:32:44] [main/WARN]: Reference map 'forgeconfigapiport.common.refmap.json' for forgeconfigapiport.common.mixins.json could not be read. If this is a development environment you can ignore this message
[19:32:44] [main/INFO]: Loaded configuration file for Lithium: 147 options available, 1 override(s) found
[19:32:44] [main/INFO]: Loaded configuration file for ModernFix 5.20.3+mc1.21.4: 54 options available, 0 override(s) found
[19:32:44] [main/INFO]: Applying Nashorn fix
[19:32:44] [main/WARN]: Reference map 'visualworkbench.fabric.refmap.json' for visualworkbench.fabric.mixins.json could not be read. If this is a development environment you can ignore this message
[19:32:45] [main/INFO]: Force-enabling mixin 'compat.transfer_api.TransferApiHelperMixin' as rule 'mixin.compat.transfer_api' (added by mods [lithium]) enables it
[19:32:45] [main/WARN]: Error loading class: com/simibubi/create/content/kinetics/base/BlockBreakingKineticBlockEntity (java.lang.ClassNotFoundException: com/simibubi/create/content/kinetics/base/BlockBreakingKineticBlockEntity)
[19:32:45] [main/INFO]: Initializing MixinExtras via com.llamalad7.mixinextras.service.MixinExtrasServiceImpl(version=0.4.1).
[19:32:48] [main/WARN]: Method overwrite conflict for method_21740 in modernfix-common.mixins.json:perf.remove_biome_temperature_cache.BiomeMixin from mod modernfix, previously written by net.caffeinemc.mods.lithium.mixin.world.temperature_cache.BiomeMixin. Skipping method.
[19:32:52] [main/INFO]: Vanilla bootstrap took 6025 milliseconds
[19:32:52] [main/INFO]: Loading Collective version 7.94.
[19:32:52] [main/INFO]: Constructing common components for puzzleslib:main
[19:32:53] [main/INFO]: Constructing common components for visualworkbench:main
[19:32:53] [main/INFO]: Dispatching loading event for config visualworkbench-common.toml
[19:32:53] [main/INFO]: Environment: Environment[sessionHost=https://sessionserver.mojang.com, servicesHost=https://api.minecraftservices.com, name=PROD]
[19:32:55] [main/INFO]: Loaded 1371 recipes
[19:32:55] [main/INFO]: Loaded 1481 advancements
[19:32:55] [ForkJoinPool.commonPool-worker-1/INFO]: Loaded 58 translation keys
[19:32:55] [main/INFO]: Applied 0 biome modifications to 0 of 65 new biomes in 1.473 ms
[19:32:55] [Server thread/INFO]: Starting minecraft server version 1.21.4
[19:32:55] [Server thread/INFO]: Loading properties
[19:32:55] [Server thread/INFO]: Default game type: SURVIVAL
[19:32:55] [Server thread/INFO]: Generating keypair
[19:32:55] [Server thread/INFO]: Starting Minecraft server on *:25565
[19:32:55] [Server thread/INFO]: Using epoll channel type
[19:32:55] [Server thread/WARN]: **** SERVER IS RUNNING IN OFFLINE/INSECURE MODE!
[19:32:55] [Server thread/WARN]: The server will make no attempt to authenticate usernames. Beware.
[19:32:55] [Server thread/WARN]: While this makes the game possible to play without internet access, it also opens up the ability for hackers to connect with any username they choose.
[19:32:55] [Server thread/WARN]: To change this, set "online-mode" to "true" in the server.properties file.
[19:32:55] [Server thread/INFO]: Preparing level "world"
[19:32:56] [Server thread/INFO]: Preparing start region for dimension minecraft:overworld
[19:32:56] [Server thread/WARN]: Method overwrite conflict for removeIf in modernfix-common.mixins.json:bugfix.paper_chunk_patches.SortedArraySetMixin from mod modernfix, previously written by net.caffeinemc.mods.lithium.mixin.collections.chunk_tickets.SortedArraySetMixin. Skipping method.
[19:32:56] [Worker-Main-3/INFO]: Preparing spawn area: 0%
[19:32:56] [Server thread/INFO]: Time elapsed: 535 ms
[19:32:56] [Server thread/INFO]: Done (0.911s)! For help, type "help"
[19:32:56] [Server thread/WARN]: Dedicated server took 14.079 seconds to load
[19:32:56] [Server thread/INFO]: Start loading plugin from Jade: snownee.jade.addon.core.CorePlugin
[19:32:56] [Server thread/INFO]: Start loading plugin from Jade: snownee.jade.addon.vanilla.VanillaPlugin
[19:32:56] [Server thread/INFO]: Start loading plugin from Jade: snownee.jade.addon.universal.UniversalPlugin
[19:32:56] [Server thread/INFO]: Start loading plugin from Jade: snownee.jade.addon.access.AccessibilityPlugin
[19:32:56] [Server thread/INFO]: Start loading plugin from Jade: snownee.jade.addon.debug.DebugPlugin
[19:32:56] [Server thread/INFO]: Start loading plugin from Polymer (Core): eu.pb4.polymer.core.impl.client.compat.JadeCompatibility
[19:33:56] [Server thread/INFO]: Server empty for 60 seconds, pausing
[19:35:30] [Server thread/INFO]: ByMxrc[/127.139.127.11:38461] logged in with entity id 12 at (47.496684286420226, 68.0, 500.5287200002311)
[19:35:30] [Server thread/INFO]: ByMxrc joined the game
[19:35:42] [Server thread/INFO]: ByMxrc lost connection: Disconnected
[19:35:42] [Server thread/INFO]: ByMxrc left the game
[19:36:42] [Server thread/INFO]: Server empty for 60 seconds, pausing
[19:39:23] [Server thread/INFO]: ByMxrc[/127.139.127.11:33645] logged in with entity id 361 at (50.37531671731, 64.0, 494.63455025496506)
[19:39:23] [Server thread/INFO]: ByMxrc joined the game
[19:40:41] [Server thread/INFO]: PAPITO[/127.181.81.69:47761] logged in with entity id 1011 at (734.4460077491125, 64.0, 767.2103598482174)
[19:40:41] [Server thread/INFO]: PAPITO joined the game
[19:41:42] [Server thread/INFO]: [ByMxrc: Teleported PAPITO to ByMxrc]
[19:55:06] [Server thread/INFO]: PAPITO burned to death
[20:19:11] [Server thread/INFO]: [ByMxrc: Teleported PAPITO to ByMxrc]
[20:24:56] [Server thread/INFO]: PAPITO has made the advancement [Voluntary Exile]
[20:29:05] [Server thread/WARN]: PAPITO moved too quickly! 10.195861922382392,1.2491870787446828,1.177967187611216
[20:35:25] [Server thread/INFO]: [ByMxrc: Teleported ByMxrc to PAPITO]
[20:43:38] [Server thread/INFO]: PAPITO was slain by Zombie
[20:44:21] [Server thread/INFO]: [ByMxrc: Teleported PAPITO to ByMxrc]
[20:44:53] [Server thread/INFO]: [ByMxrc: Teleported PAPITO to 1152.500000, -23.000000, 463.500000]
[20:59:21] [Server thread/INFO]: ByMxrc lost connection: Disconnected
[20:59:21] [Server thread/INFO]: ByMxrc left the game
[20:59:29] [Server thread/INFO]: ByMxrc[/127.139.127.11:50573] logged in with entity id 32463 at (177.3114699339803, 36.0, 33.78759320174828)
[20:59:29] [Server thread/INFO]: ByMxrc joined the game
[21:16:30] [Server thread/INFO]: PAPITO was shot by Skeleton
[21:17:35] [Server thread/INFO]: [ByMxrc: Teleported PAPITO to 1157.500000, -19.000000, 459.500000]
[21:19:13] [Server thread/INFO]: PAPITO was shot by Skeleton
[21:20:06] [Server thread/INFO]: [ByMxrc: Teleported PAPITO to 1164.500000, -21.000000, 469.500000]
[21:21:39] [Server thread/INFO]: [ByMxrc: Teleported PAPITO to ByMxrc]
[21:23:27] [Server thread/INFO]: PAPITO fell from a high place
[21:23:50] [Server thread/INFO]: [ByMxrc: Teleported PAPITO to ByMxrc]
